#
# An unexpected error has been detected by HotSpot Virtual Machine:
#
#  EXCEPTION_ACCESS_VIOLATION (0xc0000005) at pc=0x786f1d0a, pid=5260, tid=5068
#
# Java VM: Java HotSpot(TM) Client VM (1.5.0_07-b03 mixed mode)
# Problematic frame:
# C  [udd.dll+0x31d0a]
#

---------------  T H R E A D  ---------------

Current thread (0x01593b20):  JavaThread "main" [_thread_in_native, id=5068]

siginfo: ExceptionCode=0xc0000005, reading address 0x00000035

Registers:
EAX=0x00cedcb0, EBX=0x019380c0, ECX=0x00000009, EDX=0x794627a4
ESP=0x00cedc74, EBP=0x00cedcbc, ESI=0x01938060, EDI=0x00000009
EIP=0x786f1d0a, EFLAGS=0x00010282

Top of Stack: (sp=0x00cedc74)
0x00cedc74:   c2e279e0 00000009 01938060 019380c0
0x00cedc84:   79f4ea3a 194fe704 02346ce0 ffffff00
0x00cedc94:   00000001 02346cf5 0f23c500 00cedcf4
0x00cedca4:   785eca92 00cedd7c 00000000 00cedce8
0x00cedcb4:   78701c4b ffffffff 00cedcf4 79f0602f
0x00cedcc4:   03ebfaf8 01938060 c2f65ecd 01593b20
0x00cedcd4:   0c4a7df8 0c4a7df8 00000011 00000000
0x00cedce4:   00cedccc 00cedfe4 79f15239 00000001 

Instructions: (pc=0x786f1d0a)
0x786f1cfa:   73 78 33 c5 50 8d 45 f4 64 a3 00 00 00 00 8b f9
0x786f1d0a:   8b 47 2c 33 f6 25 00 00 1c 00 3d 00 00 10 00 89 


Stack: [0x004f0000,0x00cf0000),  sp=0x00cedc74,  free space=8183k
Native frames: (J=compiled Java code, j=interpreted, Vv=VM code, C=native code)
C  [udd.dll+0x31d0a]
C  [udd_mi.dll+0x2602f]
j  com.mathworks.jmi.bean.UDDObject.directGetPropertyFromMatlab(JJ)[Ljava/lang/Object;+0
j  com.mathworks.jmi.bean.UDDObject.get_from_Matlab(J)Ljava/lang/Object;+13
j  com.mathworks.jmi.bean.UDDObject.get_Object_value(J)Ljava/lang/Object;+2
j  axesBeanAdapter0.getCLim()Lcom/mathworks/hg/types/HGPoint;+4
J  java.awt.Container.addImpl(Ljava/awt/Component;Ljava/lang/Object;I)V
j  java.awt.Container.add(Ljava/awt/Component;Ljava/lang/Object;I)V+4
j  javax.swing.JFrame.addImpl(Ljava/awt/Component;Ljava/lang/Object;I)V+14
J  java.awt.Container.add(Ljava/awt/Component;)Ljava/awt/Component;
v  ~RuntimeStub::alignment_frame_return Runtime1 stub
v  ~StubRoutines::call_stub
V  [jvm.dll+0x86401]
V  [jvm.dll+0xdb172]
V  [jvm.dll+0x862d2]
V  [jvm.dll+0x8afd5]
C  [jmi.dll+0x321d]
C  [jmi.dll+0xf0b3]
C  [jmi.dll+0xf3c1]
C  [jmi.dll+0x174c2]
C  [jmi.dll+0x17ef6]
C  [mcos.dll+0x8486b]
C  [m_dispatcher.dll+0x72a3]
C  [m_interpreter.dll+0x5e243]
C  [m_interpreter.dll+0x65b27]
C  [m_interpreter.dll+0x65dc4]
C  [m_interpreter.dll+0x67757]
C  [m_interpreter.dll+0x1171d]
C  [m_interpreter.dll+0xe294]
C  [m_interpreter.dll+0x20919]
C  [m_interpreter.dll+0x210f7]
C  [m_interpreter.dll+0x2128e]
C  [m_interpreter.dll+0x21484]
C  [m_interpreter.dll+0x198d8]
C  [m_interpreter.dll+0x1b76f]
C  [m_interpreter.dll+0x1ba75]
C  [m_interpreter.dll+0x1bab0]
C  [bridge.dll+0x5f2b]
C  [bridge.dll+0x6192]
C  [mcr.dll+0x1681e]
C  [MATLAB.exe+0x21b8]
C  [MATLAB.exe+0x3bd2]
C  [kernel32.dll+0x16fd7]

Java frames: (J=compiled Java code, j=interpreted, Vv=VM code)
j  com.mathworks.jmi.bean.UDDObject.directGetPropertyFromMatlab(JJ)[Ljava/lang/Object;+0
j  com.mathworks.jmi.bean.UDDObject.get_from_Matlab(J)Ljava/lang/Object;+13
j  com.mathworks.jmi.bean.UDDObject.get_Object_value(J)Ljava/lang/Object;+2
j  axesBeanAdapter0.getCLim()Lcom/mathworks/hg/types/HGPoint;+4
J  java.awt.Container.addImpl(Ljava/awt/Component;Ljava/lang/Object;I)V
j  java.awt.Container.add(Ljava/awt/Component;Ljava/lang/Object;I)V+4
j  javax.swing.JFrame.addImpl(Ljava/awt/Component;Ljava/lang/Object;I)V+14
J  java.awt.Container.add(Ljava/awt/Component;)Ljava/awt/Component;
v  ~RuntimeStub::alignment_frame_return Runtime1 stub
v  ~StubRoutines::call_stub

---------------  P R O C E S S  ---------------

Java Threads: ( => current thread )
  0x14968d70 JavaThread "AWT-EventQueue-0" [_thread_blocked, id=6060]
  0x148ef180 JavaThread "Thread-345" [_thread_blocked, id=2708]
  0x01670a10 JavaThread "Prefs Updater" [_thread_blocked, id=5072]
  0x015f8690 JavaThread "Active Reference Queue Daemon" daemon [_thread_blocked, id=3560]
  0x015f93b0 JavaThread "Timer-2" daemon [_thread_blocked, id=5952]
  0x015edaa0 JavaThread "Timer-1" daemon [_thread_blocked, id=3312]
  0x015dce70 JavaThread "TimerQueue" daemon [_thread_blocked, id=5044]
  0x015bcb40 JavaThread "Java2D Disposer" daemon [_thread_blocked, id=4744]
  0x015b9dd0 JavaThread "Timer-0" [_thread_blocked, id=5400]
  0x015b7490 JavaThread "AWT-Windows" daemon [_thread_in_native, id=4028]
  0x015b7990 JavaThread "AWT-Shutdown" [_thread_blocked, id=4548]
  0x015a06d0 JavaThread "Low Memory Detector" daemon [_thread_blocked, id=3520]
  0x0159fba0 JavaThread "CompilerThread0" daemon [_thread_blocked, id=5508]
  0x0159e9b0 JavaThread "Signal Dispatcher" daemon [_thread_blocked, id=2624]
  0x0159ddd0 JavaThread "Finalizer" daemon [_thread_blocked, id=5212]
  0x0159cb50 JavaThread "Reference Handler" daemon [_thread_blocked, id=5708]
=>0x01593b20 JavaThread "main" [_thread_in_native, id=5068]

Other Threads:
  0x0159be50 VMThread [id=5808]
  0x015a38e0 WatcherThread [id=2416]

VM state:not at safepoint (normal execution)

VM Mutex/Monitor currently owned by a thread: None

Heap
 def new generation   total 14848K, used 3952K [0x06210000, 0x07220000, 0x07a10000)
  eden space 13248K,  19% used [0x06210000, 0x0649be20, 0x06f00000)
  from space 1600K,  84% used [0x07090000, 0x071e0558, 0x07220000)
  to   space 1600K,   0% used [0x06f00000, 0x06f00000, 0x07090000)
 tenured generation   total 49152K, used 36097K [0x07a10000, 0x0aa10000, 0x0c210000)
   the space 49152K,  73% used [0x07a10000, 0x09d507e0, 0x09d50800, 0x0aa10000)
 compacting perm gen  total 32768K, used 25942K [0x0c210000, 0x0e210000, 0x0e210000)
   the space 32768K,  79% used [0x0c210000, 0x0db65a50, 0x0db65c00, 0x0e210000)
No shared spaces configured.

Dynamic libraries:
0x00400000 - 0x004ee000 	C:\MATLAB\R2007a\bin\win32\MATLAB.exe
0x7c900000 - 0x7c9b0000 	C:\WINDOWS\system32\ntdll.dll
0x7c800000 - 0x7c8f4000 	C:\WINDOWS\system32\kernel32.dll
0x78e80000 - 0x79088000 	C:\MATLAB\R2007a\bin\win32\libmwservices.dll
0x77d40000 - 0x77dd0000 	C:\WINDOWS\system32\USER32.dll
0x77f10000 - 0x77f57000 	C:\WINDOWS\system32\GDI32.dll
0x763b0000 - 0x763f9000 	C:\WINDOWS\system32\comdlg32.dll
0x77f60000 - 0x77fd6000 	C:\WINDOWS\system32\SHLWAPI.dll
0x77dd0000 - 0x77e6b000 	C:\WINDOWS\system32\ADVAPI32.dll
0x77e70000 - 0x77f01000 	C:\WINDOWS\system32\RPCRT4.dll
0x77c10000 - 0x77c68000 	C:\WINDOWS\system32\msvcrt.dll
0x5d090000 - 0x5d12a000 	C:\WINDOWS\system32\COMCTL32.dll
0x7c9c0000 - 0x7d1d5000 	C:\WINDOWS\system32\SHELL32.dll
0x78530000 - 0x7857c000 	C:\MATLAB\R2007a\bin\win32\libmx.dll
0x78200000 - 0x78298000 	C:\MATLAB\R2007a\bin\win32\icuuc32.dll
0x10000000 - 0x10006000 	C:\MATLAB\R2007a\bin\win32\icudt32.dll
0x78130000 - 0x781cb000 	C:\WINDOWS\WinSxS\x86_Microsoft.VC80.CRT_1fc8b3b9a1e18e3b_8.0.50727.42_x-ww_0de06acd\MSVCR80.dll
0x78460000 - 0x7846e000 	C:\MATLAB\R2007a\bin\win32\libz.dll
0x78470000 - 0x7852e000 	C:\MATLAB\R2007a\bin\win32\libut.dll
0x00290000 - 0x00345000 	C:\MATLAB\R2007a\bin\win32\icuin32.dll
0x00360000 - 0x0036c000 	C:\MATLAB\R2007a\bin\win32\icuio32.dll
0x7c420000 - 0x7c4a7000 	C:\WINDOWS\WinSxS\x86_Microsoft.VC80.CRT_1fc8b3b9a1e18e3b_8.0.50727.42_x-ww_0de06acd\MSVCP80.dll
0x76c90000 - 0x76cb8000 	C:\WINDOWS\system32\imagehlp.dll
0x79730000 - 0x79789000 	C:\MATLAB\R2007a\bin\win32\libmwmathutil.dll
0x785b0000 - 0x785c8000 	C:\MATLAB\R2007a\bin\win32\mpath.dll
0x5b860000 - 0x5b8b4000 	C:\WINDOWS\system32\NETAPI32.dll
0x71ab0000 - 0x71ac7000 	C:\WINDOWS\system32\WS2_32.dll
0x71aa0000 - 0x71aa8000 	C:\WINDOWS\system32\WS2HELP.dll
0x79540000 - 0x79575000 	C:\MATLAB\R2007a\bin\win32\mcr.dll
0x774e0000 - 0x7761d000 	C:\WINDOWS\system32\ole32.dll
0x78580000 - 0x78590000 	C:\MATLAB\R2007a\bin\win32\libmex.dll
0x78750000 - 0x7879d000 	C:\MATLAB\R2007a\bin\win32\m_dispatcher.dll
0x782a0000 - 0x7845b000 	C:\MATLAB\R2007a\bin\win32\xerces-c_2_6.dll
0x78e60000 - 0x78e7c000 	C:\MATLAB\R2007a\bin\win32\datasvcs.dll
0x79290000 - 0x79353000 	C:\MATLAB\R2007a\bin\win32\libmwgui.dll
0x786c0000 - 0x78749000 	C:\MATLAB\R2007a\bin\win32\udd.dll
0x785d0000 - 0x786b5000 	C:\MATLAB\R2007a\bin\win32\mcos.dll
0x787a0000 - 0x78c01000 	C:\MATLAB\R2007a\bin\win32\m_interpreter.dll
0x79790000 - 0x79799000 	C:\MATLAB\R2007a\bin\win32\libmwmathrng.dll
0x78e20000 - 0x78e31000 	C:\MATLAB\R2007a\bin\win32\m_pcodeio.dll
0x00d40000 - 0x00d4a000 	C:\MATLAB\R2007a\bin\win32\mtok.dll
0x78c10000 - 0x78db7000 	C:\MATLAB\R2007a\bin\win32\m_parser.dll
0x78dc0000 - 0x78df1000 	C:\MATLAB\R2007a\bin\win32\m_ir.dll
0x78e40000 - 0x78e4c000 	C:\MATLAB\R2007a\bin\win32\ir_xfmr.dll
0x00d90000 - 0x00dc0000 	C:\MATLAB\R2007a\bin\win32\profiler.dll
0x78590000 - 0x785ac000 	C:\MATLAB\R2007a\bin\win32\libmat.dll
0x00de0000 - 0x00ea8000 	C:\MATLAB\R2007a\bin\win32\libhdf5.dll
0x78e00000 - 0x78e15000 	C:\MATLAB\R2007a\bin\win32\m_pcodegen.dll
0x7a020000 - 0x7a038000 	C:\MATLAB\R2007a\bin\win32\bridge.dll
0x00ed0000 - 0x00edf000 	C:\MATLAB\R2007a\bin\win32\iqm.dll
0x79f80000 - 0x79fca000 	C:\MATLAB\R2007a\bin\win32\comcli.dll
0x77120000 - 0x771ac000 	C:\WINDOWS\system32\OLEAUT32.dll
0x79f40000 - 0x79f77000 	C:\MATLAB\R2007a\bin\win32\jmi.dll
0x71ad0000 - 0x71ad9000 	C:\WINDOWS\system32\WSOCK32.dll
0x791b0000 - 0x79231000 	C:\MATLAB\R2007a\bin\win32\uiw.dll
0x79240000 - 0x79273000 	C:\MATLAB\R2007a\bin\win32\libuij.dll
0x79510000 - 0x7953c000 	C:\MATLAB\R2007a\bin\win32\libmwhardcopy.dll
0x79280000 - 0x79289000 	C:\MATLAB\R2007a\bin\win32\uinone.dll
0x00f50000 - 0x0105d000 	C:\WINDOWS\WinSxS\x86_Microsoft.VC80.MFC_1fc8b3b9a1e18e3b_8.0.50727.42_x-ww_dec6ddd2\MFC80.DLL
0x73000000 - 0x73026000 	C:\WINDOWS\system32\WINSPOOL.DRV
0x7c630000 - 0x7c64b000 	C:\WINDOWS\WinSxS\x86_Microsoft.VC80.ATL_1fc8b3b9a1e18e3b_8.0.50727.42_x-ww_6e805841\ATL80.DLL
0x79ec0000 - 0x79ed4000 	C:\MATLAB\R2007a\bin\win32\mwoles05.DLL
0x79ee0000 - 0x79f3b000 	C:\MATLAB\R2007a\bin\win32\udd_mi.dll
0x79fd0000 - 0x79fdb000 	C:\MATLAB\R2007a\bin\win32\mlautoregister.dll
0x79360000 - 0x794c3000 	C:\MATLAB\R2007a\bin\win32\hg.dll
0x79580000 - 0x79725000 	C:\MATLAB\R2007a\bin\win32\numerics.dll
0x79dd0000 - 0x79dd7000 	C:\MATLAB\R2007a\bin\win32\libmwamd.dll
0x79de0000 - 0x79e38000 	C:\MATLAB\R2007a\bin\win32\libmwcholmod.dll
0x79e40000 - 0x79e47000 	C:\MATLAB\R2007a\bin\win32\libmwcolamd.dll
0x797a0000 - 0x797c3000 	C:\MATLAB\R2007a\bin\win32\libmwlapack.dll
0x79810000 - 0x79897000 	C:\MATLAB\R2007a\bin\win32\libfftw3.dll
0x798a0000 - 0x7993b000 	C:\MATLAB\R2007a\bin\win32\libfftw3f.dll
0x79e50000 - 0x79ebc000 	C:\MATLAB\R2007a\bin\win32\libmwumfpack.dll
0x76390000 - 0x763ad000 	C:\WINDOWS\system32\IMM32.DLL
0x629c0000 - 0x629c9000 	C:\WINDOWS\system32\LPK.DLL
0x74d90000 - 0x74dfb000 	C:\WINDOWS\system32\USP10.dll
0x016c0000 - 0x016c5000 	C:\WINDOWS\system32\wmfhotfix.dll
0x773d0000 - 0x774d3000 	C:\WINDOWS\WinSxS\x86_Microsoft.Windows.Common-Controls_6595b64144ccf1df_6.0.2600.2982_x-ww_ac3f9c03\comctl32.dll
0x5d360000 - 0x5d36e000 	C:\WINDOWS\WinSxS\x86_Microsoft.VC80.MFCLOC_1fc8b3b9a1e18e3b_8.0.50727.42_x-ww_3415f6d0\MFC80ENU.DLL
0x7bdf0000 - 0x7be25000 	C:\MATLAB\R2007a\bin\win32\libguide40.dll
0x797d0000 - 0x797f8000 	C:\MATLAB\R2007a\bin\win32\mkl.dll
0x79800000 - 0x79805000 	C:\MATLAB\R2007a\bin\win32\mklcompat.dll
0x79940000 - 0x79dc3000 	C:\MATLAB\R2007a\bin\win32\mllapack.dll
0x02570000 - 0x0261a000 	C:\MATLAB\R2007a\bin\win32\libifcoremd.dll
0x02620000 - 0x02850000 	C:\MATLAB\R2007a\bin\win32\libmmd.dll
0x74720000 - 0x7476b000 	C:\WINDOWS\system32\MSCTF.dll
0x77b40000 - 0x77b62000 	C:\WINDOWS\system32\apphelp.dll
0x755c0000 - 0x755ee000 	C:\WINDOWS\system32\msctfime.ime
0x74290000 - 0x74294000 	C:\WINDOWS\system32\icmp.Dll
0x76d60000 - 0x76d79000 	C:\WINDOWS\system32\iphlpapi.dll
0x6d6c0000 - 0x6d857000 	C:\MATLAB\R2007a\sys\java\jre\win32\jre1.5.0_07\bin\client\jvm.dll
0x76b40000 - 0x76b6d000 	C:\WINDOWS\system32\WINMM.dll
0x5cd70000 - 0x5cd77000 	C:\WINDOWS\system32\serwvdrv.dll
0x5b0a0000 - 0x5b0a7000 	C:\WINDOWS\system32\umdmxfrm.dll
0x6d280000 - 0x6d288000 	C:\MATLAB\R2007a\sys\java\jre\win32\jre1.5.0_07\bin\hpi.dll
0x76bf0000 - 0x76bfb000 	C:\WINDOWS\system32\PSAPI.DLL
0x6d690000 - 0x6d69c000 	C:\MATLAB\R2007a\sys\java\jre\win32\jre1.5.0_07\bin\verify.dll
0x6d300000 - 0x6d31d000 	C:\MATLAB\R2007a\sys\java\jre\win32\jre1.5.0_07\bin\java.dll
0x6d6b0000 - 0x6d6bf000 	C:\MATLAB\R2007a\sys\java\jre\win32\jre1.5.0_07\bin\zip.dll
0x6d000000 - 0x6d167000 	C:\MATLAB\R2007a\sys\java\jre\win32\jre1.5.0_07\bin\awt.dll
0x7b330000 - 0x7b342000 	C:\MATLAB\R2007a\bin\win32\nativejava.dll
0x0e720000 - 0x0e733000 	C:\MATLAB\R2007a\bin\win32\nativejmi.dll
0x0e7d0000 - 0x0e7d6000 	C:\MATLAB\R2007a\bin\win32\nativeservices.dll
0x6d240000 - 0x6d27f000 	C:\MATLAB\R2007a\sys\java\jre\win32\jre1.5.0_07\bin\fontmanager.dll
0x6d4c0000 - 0x6d4d3000 	C:\MATLAB\R2007a\sys\java\jre\win32\jre1.5.0_07\bin\net.dll
0x6d4e0000 - 0x6d4e9000 	C:\MATLAB\R2007a\sys\java\jre\win32\jre1.5.0_07\bin\nio.dll
0x0f380000 - 0x0f38c000 	C:\MATLAB\R2007a\bin\win32\nativecmdwin.dll
0x0f530000 - 0x0f537000 	C:\MATLAB\R2007a\bin\win32\nativemlint.dll
0x0f550000 - 0x0f584000 	C:\MATLAB\R2007a\bin\win32\mlint.dll
0x7b350000 - 0x7b356000 	C:\MATLAB\R2007a\bin\win32\nativelex.dll
0x605d0000 - 0x605d9000 	C:\WINDOWS\system32\mslbui.dll
0x5dff0000 - 0x5e015000 	C:\WINDOWS\System32\spool\DRIVERS\W32X86\3\PS5UI.DLL
0x79090000 - 0x791a3000 	C:\MATLAB\R2007a\bin\win32\libmwbuiltins.dll
0x77c00000 - 0x77c08000 	C:\WINDOWS\system32\VERSION.dll
0x0f1e0000 - 0x0f1f3000 	C:\MATLAB\R2007a\bin\win32\hgbuiltins.dll
0x5df60000 - 0x5dfd9000 	C:\WINDOWS\System32\spool\DRIVERS\W32X86\3\PSCRIPT5.DLL
0x73b30000 - 0x73b45000 	C:\WINDOWS\system32\mscms.dll
0x0f290000 - 0x0f29c000 	C:\WINDOWS\System32\spool\DRIVERS\W32X86\3\mdiui.dll
0x10b00000 - 0x10dc6000 	C:\WINDOWS\system32\msi.dll
0x10dd0000 - 0x10e9b000 	C:\WINDOWS\System32\spool\DRIVERS\W32X86\3\mdigraph.dll
0x76080000 - 0x760e5000 	C:\WINDOWS\system32\MSVCP60.dll
0x76380000 - 0x76385000 	C:\WINDOWS\system32\MSIMG32.dll
0x0f640000 - 0x0f695000 	C:\WINDOWS\System32\spool\DRIVERS\W32X86\3\flashpaperprinterui2.dll
0x140a0000 - 0x14109000 	C:\WINDOWS\System32\spool\DRIVERS\W32X86\3\flashpaperprinterdrv2.dll
0x76840000 - 0x76873000 	C:\WINDOWS\System32\spool\DRIVERS\W32X86\3\UNIDRVUI.DLL
0x77fe0000 - 0x77ff1000 	C:\WINDOWS\system32\Secur32.dll
0x778d0000 - 0x77913000 	C:\WINDOWS\System32\spool\DRIVERS\W32X86\3\UNIDRV.DLL
0x6d1c0000 - 0x6d1e3000 	C:\MATLAB\R2007a\sys\java\jre\win32\jre1.5.0_07\bin\dcpr.dll

VM Arguments:
jvm_args: -Xss512k -XX:PermSize=32M -Xms64m -XX:NewRatio=3 -XX:MaxPermSize=32M -Xmx96m -Dsun.java2d.noddraw=true -Dsun.awt.nopixfmt=true -Xshare:off -Djava.library.path=C:\MATLAB\R2007a\bin\win32 vfprintf abort
java_command: <unknown>
Launcher Type: generic

Environment Variables:
PATH=c:\program files\frontline systems\solver platform sdk\bin;c:\watcom-1.3\binnt;c:\watcom-1.3\binw;c:\program files\microsoft visual studio\common\tools;c:\program files\microsoft visual studio\common\msdev98\bin;c:\program files\microsoft visual studio\df98\bin;c:\program files\microsoft visual studio\vc98\bin;C:\WINDOWS\system32;C:\WINDOWS;C:\WINDOWS\system32\wbem;c:\program files\ati technologies\ati control panel;c:\program files\pinnacle\shared files\instantcddvd\;c:\program files\cclrc isis facility\open genie\system;c:\program files\zipgenius 5;c:\progra~1\ncftp;C:\MATLAB\R2007a\bin;C:\MATLAB\R2007a\bin\win32;c:\matlab71\bin\win32;c:\matlab7\bin\win32;c:\program files\matlab704\bin\win32;c:\program files\microsoft sql server\90\tools\binn\;c:\program files\java\jdk1.5.0_06\bin;C:\Sun\AppServer\bin;C:\tomlab\shared
USERNAME=avh45
OS=Windows_NT
PROCESSOR_IDENTIFIER=x86 Family 15 Model 31 Stepping 0, AuthenticAMD



---------------  S Y S T E M  ---------------

OS: Windows XP Build 2600 Service Pack 2

CPU:total 1 family 31, cmov, cx8, fxsr, mmx, sse, sse2

Memory: 4k page, physical 1048048k(155400k free), swap 2519748k(1664296k free)

vm_info: Java HotSpot(TM) Client VM (1.5.0_07-b03) for windows-x86, built on May  3 2006 01:04:38 by "java_re" with MS VC++ 6.0

